[2024/07/03 19:50:53.562] - Starting server with initial configuration: {"gasLimit":6721975,"gasPrice":20000000000,"hardfork":"merge","hostname":"127.0.0.1","port":7545,"network_id":5777,"default_balance_ether":100,"total_accounts":10,"unlocked_accounts":[],"locked":false,"vmErrorsOnRPCResponse":true,"verbose":false,"flavor":"ethereum","db_path":"C:\\Users\\egna9\\AppData\\Roaming\\Ganache\\ui\\workspaces\\third-spot\\chaindata","mnemonic":"despair proof fiber steak viable cable suffer metal eager cigar absorb amount","logDirectory":"C:\\Users\\egna9\\.City Master\\dessertation\\Project\\.Truffle\\.GanacheLog"}
[2024/07/03 19:50:53.691] - eth_subscribe
[2024/07/03 19:50:53.693] - eth_getLogs
[2024/07/03 19:50:53.694] - eth_subscribe
[2024/07/03 19:50:53.695] - eth_getCode
[2024/07/03 19:50:53.697] - eth_subscribe
[2024/07/03 19:50:53.698] - eth_getLogs
[2024/07/03 19:50:53.699] - eth_subscribe
[2024/07/03 19:50:53.700] - eth_getCode
[2024/07/03 19:50:53.711] - eth_blockNumber
[2024/07/03 19:50:53.712] - eth_accounts
[2024/07/03 19:50:53.712] - eth_gasPrice
[2024/07/03 19:50:53.717] - eth_accounts
[2024/07/03 19:50:53.726] - eth_getBalance
[2024/07/03 19:50:53.728] - eth_getTransactionCount
[2024/07/03 19:50:53.730] - eth_getBalance
[2024/07/03 19:50:53.732] - eth_getTransactionCount
[2024/07/03 19:50:53.734] - eth_getBalance
[2024/07/03 19:50:53.736] - eth_getTransactionCount
[2024/07/03 19:50:53.738] - eth_getBalance
[2024/07/03 19:50:53.740] - eth_getTransactionCount
[2024/07/03 19:50:53.742] - eth_getBalance
[2024/07/03 19:50:53.745] - eth_getTransactionCount
[2024/07/03 19:50:53.747] - eth_getBalance
[2024/07/03 19:50:53.749] - eth_getTransactionCount
[2024/07/03 19:50:53.751] - eth_getBalance
[2024/07/03 19:50:53.753] - eth_getTransactionCount
[2024/07/03 19:50:53.755] - eth_getBalance
[2024/07/03 19:50:53.757] - eth_getTransactionCount
[2024/07/03 19:50:53.759] - eth_getBalance
[2024/07/03 19:50:53.761] - eth_getTransactionCount
[2024/07/03 19:50:53.763] - eth_getBalance
[2024/07/03 19:50:53.764] - eth_getTransactionCount
[2024/07/03 19:50:53.766] - eth_getBlockByNumber
[2024/07/03 19:50:53.766] - eth_subscribe
[2024/07/03 19:50:53.768] - eth_blockNumber
[2024/07/03 19:50:53.771] - eth_accounts
[2024/07/03 19:50:53.772] - eth_gasPrice
[2024/07/03 19:50:53.773] - eth_getBlockByNumber
[2024/07/03 19:50:53.781] - eth_getTransactionCount
[2024/07/03 19:50:53.784] - eth_getBalance
[2024/07/03 19:50:53.786] - eth_getTransactionCount
[2024/07/03 19:50:53.787] - eth_getBalance
[2024/07/03 19:50:53.790] - eth_getTransactionCount
[2024/07/03 19:50:53.791] - eth_getBalance
[2024/07/03 19:50:53.793] - eth_getTransactionCount
[2024/07/03 19:50:53.795] - eth_getBalance
[2024/07/03 19:50:53.798] - eth_getTransactionCount
[2024/07/03 19:50:53.799] - eth_getBalance
[2024/07/03 19:50:53.801] - eth_getTransactionCount
[2024/07/03 19:50:53.803] - eth_getBalance
[2024/07/03 19:50:53.806] - eth_getTransactionCount
[2024/07/03 19:50:53.808] - eth_getBalance
[2024/07/03 19:50:53.810] - eth_getTransactionCount
[2024/07/03 19:50:53.811] - eth_getBalance
[2024/07/03 19:50:53.812] - eth_getTransactionCount
[2024/07/03 19:50:53.814] - eth_getBalance
[2024/07/03 19:50:53.815] - eth_getTransactionCount
[2024/07/03 19:50:53.818] - eth_subscribe
[2024/07/03 19:50:53.944] - eth_getBalance
[2024/07/03 19:50:53.946] - eth_getTransactionCount
[2024/07/03 19:50:53.948] - eth_getBalance
[2024/07/03 19:50:53.951] - eth_getTransactionCount
[2024/07/03 19:50:53.953] - eth_getBalance
[2024/07/03 19:50:53.956] - eth_getTransactionCount
[2024/07/03 19:50:53.959] - eth_getBalance
[2024/07/03 19:50:53.962] - eth_getTransactionCount
[2024/07/03 19:50:53.964] - eth_getBalance
[2024/07/03 19:50:53.966] - eth_getTransactionCount
[2024/07/03 19:50:53.968] - eth_getBalance
[2024/07/03 19:50:53.971] - eth_getTransactionCount
[2024/07/03 19:50:53.973] - eth_getBalance
[2024/07/03 19:50:53.977] - eth_getTransactionCount
[2024/07/03 19:50:53.981] - eth_getBalance
[2024/07/03 19:50:53.984] - eth_getTransactionCount
[2024/07/03 19:50:53.985] - eth_getBalance
[2024/07/03 19:50:53.988] - eth_getTransactionCount
[2024/07/03 19:50:53.990] - eth_getBalance
[2024/07/03 19:50:53.993] - eth_getTransactionCount
[2024/07/03 19:50:53.995] - eth_getBalance
[2024/07/03 19:50:53.997] - eth_getTransactionCount
[2024/07/03 19:50:53.999] - eth_getBalance
[2024/07/03 19:50:54.001] - eth_getTransactionCount
[2024/07/03 19:50:54.003] - eth_getBalance
[2024/07/03 19:50:54.005] - eth_getTransactionCount
[2024/07/03 19:50:54.007] - eth_getBalance
[2024/07/03 19:50:54.009] - eth_getTransactionCount
[2024/07/03 19:50:54.011] - eth_getBalance
[2024/07/03 19:50:54.013] - eth_getTransactionCount
[2024/07/03 19:50:54.015] - eth_getBalance
[2024/07/03 19:50:54.017] - eth_getTransactionCount
[2024/07/03 19:50:54.018] - eth_getBalance
[2024/07/03 19:50:54.023] - eth_getTransactionCount
[2024/07/03 19:50:54.025] - eth_getBalance
[2024/07/03 19:50:54.027] - eth_getTransactionCount
[2024/07/03 19:50:54.029] - eth_getBalance
[2024/07/03 19:50:54.031] - eth_getTransactionCount
[2024/07/03 19:50:54.033] - eth_getBalance
[2024/07/03 19:50:54.034] - eth_getTransactionCount
[2024/07/03 19:52:03.117] - eth_getBlockByNumber
[2024/07/03 19:52:03.130] - eth_getTransactionReceipt
[2024/07/03 19:52:03.137] - eth_getBlockByNumber
[2024/07/03 19:52:10.194] - eth_getTransactionByHash
[2024/07/03 19:52:53.527] - eth_getBlockByNumber
[2024/07/03 19:53:35.550] - eth_getBlockByNumber
[2024/07/03 19:53:46.087] - eth_call
[2024/07/03 19:55:29.767] - eth_getBlockByNumber
[2024/07/03 19:55:29.768] - eth_call
[2024/07/03 19:55:45.894] - eth_getBlockByNumber
