[2024/07/03 18:23:26.103] - Starting server with initial configuration: {"gasLimit":6721975,"gasPrice":20000000000,"hardfork":"merge","hostname":"127.0.0.1","port":7545,"network_id":5777,"default_balance_ether":100,"total_accounts":10,"unlocked_accounts":[],"locked":false,"vmErrorsOnRPCResponse":true,"verbose":false,"flavor":"ethereum","db_path":"C:\\Users\\egna9\\AppData\\Roaming\\Ganache\\ui\\workspaces\\third-spot\\chaindata","mnemonic":"despair proof fiber steak viable cable suffer metal eager cigar absorb amount","logDirectory":"C:\\Users\\egna9\\.City Master\\dessertation\\Project\\.Truffle\\.GanacheLog"}
[2024/07/03 18:23:26.219] - eth_subscribe
[2024/07/03 18:23:26.220] - eth_getLogs
[2024/07/03 18:23:26.221] - eth_subscribe
[2024/07/03 18:23:26.223] - eth_subscribe
[2024/07/03 18:23:26.223] - eth_getLogs
[2024/07/03 18:23:26.224] - eth_subscribe
[2024/07/03 18:23:26.226] - eth_blockNumber
[2024/07/03 18:23:26.227] - eth_accounts
[2024/07/03 18:23:26.229] - eth_gasPrice
[2024/07/03 18:23:26.231] - eth_getBlockByNumber
[2024/07/03 18:23:26.232] - eth_subscribe
[2024/07/03 18:23:26.235] - eth_blockNumber
[2024/07/03 18:23:26.237] - eth_accounts
[2024/07/03 18:23:26.238] - eth_gasPrice
[2024/07/03 18:23:26.239] - eth_getBlockByNumber
[2024/07/03 18:23:26.240] - eth_subscribe
[2024/07/03 18:23:26.253] - eth_getBalance
[2024/07/03 18:23:26.254] - eth_getTransactionCount
[2024/07/03 18:23:26.256] - eth_getBalance
[2024/07/03 18:23:26.259] - eth_getTransactionCount
[2024/07/03 18:23:26.260] - eth_getBalance
[2024/07/03 18:23:26.262] - eth_getTransactionCount
[2024/07/03 18:23:26.266] - eth_getBalance
[2024/07/03 18:23:26.268] - eth_getTransactionCount
[2024/07/03 18:23:26.270] - eth_getBalance
[2024/07/03 18:23:26.272] - eth_getTransactionCount
[2024/07/03 18:23:26.274] - eth_getBalance
[2024/07/03 18:23:26.276] - eth_getTransactionCount
[2024/07/03 18:23:26.279] - eth_getBalance
[2024/07/03 18:23:26.281] - eth_getTransactionCount
[2024/07/03 18:23:26.283] - eth_getBalance
[2024/07/03 18:23:26.284] - eth_getTransactionCount
[2024/07/03 18:23:26.286] - eth_getBalance
[2024/07/03 18:23:26.288] - eth_getTransactionCount
[2024/07/03 18:23:26.290] - eth_getBalance
[2024/07/03 18:23:26.292] - eth_getTransactionCount
[2024/07/03 18:23:26.294] - eth_getBalance
[2024/07/03 18:23:26.296] - eth_getTransactionCount
[2024/07/03 18:23:26.298] - eth_getBalance
[2024/07/03 18:23:26.301] - eth_getTransactionCount
[2024/07/03 18:23:26.303] - eth_getBalance
[2024/07/03 18:23:26.305] - eth_getTransactionCount
[2024/07/03 18:23:26.307] - eth_getBalance
[2024/07/03 18:23:26.309] - eth_getTransactionCount
[2024/07/03 18:23:26.312] - eth_getBalance
[2024/07/03 18:23:26.314] - eth_getTransactionCount
[2024/07/03 18:23:26.316] - eth_getBalance
[2024/07/03 18:23:26.319] - eth_getTransactionCount
[2024/07/03 18:23:26.321] - eth_getBalance
[2024/07/03 18:23:26.322] - eth_getTransactionCount
[2024/07/03 18:23:26.325] - eth_getBalance
[2024/07/03 18:23:26.326] - eth_getTransactionCount
[2024/07/03 18:23:26.329] - eth_getBalance
[2024/07/03 18:23:26.331] - eth_getTransactionCount
[2024/07/03 18:23:26.334] - eth_getBalance
[2024/07/03 18:23:26.336] - eth_getTransactionCount
[2024/07/03 18:23:26.375] - eth_getBalance
[2024/07/03 18:23:26.377] - eth_getTransactionCount
[2024/07/03 18:23:26.380] - eth_getBalance
[2024/07/03 18:23:26.384] - eth_getTransactionCount
[2024/07/03 18:23:26.385] - eth_getBalance
[2024/07/03 18:23:26.388] - eth_getTransactionCount
[2024/07/03 18:23:26.390] - eth_getBalance
[2024/07/03 18:23:26.391] - eth_getTransactionCount
[2024/07/03 18:23:26.393] - eth_getBalance
[2024/07/03 18:23:26.395] - eth_getTransactionCount
[2024/07/03 18:23:26.396] - eth_getBalance
[2024/07/03 18:23:26.398] - eth_getTransactionCount
[2024/07/03 18:23:26.400] - eth_getBalance
[2024/07/03 18:23:26.402] - eth_getTransactionCount
[2024/07/03 18:23:26.404] - eth_getBalance
[2024/07/03 18:23:26.406] - eth_getTransactionCount
[2024/07/03 18:23:26.408] - eth_getBalance
[2024/07/03 18:23:26.410] - eth_getTransactionCount
[2024/07/03 18:23:26.412] - eth_getBalance
[2024/07/03 18:23:26.414] - eth_getTransactionCount
[2024/07/03 18:23:26.416] - eth_getBalance
[2024/07/03 18:23:26.419] - eth_getTransactionCount
[2024/07/03 18:23:26.422] - eth_getBalance
[2024/07/03 18:23:26.424] - eth_getTransactionCount
[2024/07/03 18:23:26.426] - eth_getBalance
[2024/07/03 18:23:26.428] - eth_getTransactionCount
[2024/07/03 18:23:26.430] - eth_getBalance
[2024/07/03 18:23:26.433] - eth_getTransactionCount
[2024/07/03 18:23:26.434] - eth_getBalance
[2024/07/03 18:23:26.436] - eth_getTransactionCount
[2024/07/03 18:23:26.437] - eth_getBalance
[2024/07/03 18:23:26.439] - eth_getTransactionCount
[2024/07/03 18:23:26.440] - eth_getBalance
[2024/07/03 18:23:26.443] - eth_getTransactionCount
[2024/07/03 18:23:26.445] - eth_getBalance
[2024/07/03 18:23:26.447] - eth_getTransactionCount
[2024/07/03 18:23:26.448] - eth_getBalance
[2024/07/03 18:23:26.451] - eth_getTransactionCount
[2024/07/03 18:23:26.452] - eth_getBalance
[2024/07/03 18:23:26.454] - eth_getTransactionCount
[2024/07/03 18:23:56.216] - eth_blockNumber
[2024/07/03 18:23:56.232] - net_version
[2024/07/03 18:23:56.236] - eth_accounts
[2024/07/03 18:23:56.258] - eth_accounts
[2024/07/03 18:27:26.130] - eth_blockNumber
[2024/07/03 18:27:26.142] - net_version
[2024/07/03 18:27:26.148] - eth_accounts
[2024/07/03 18:27:26.172] - eth_getBlockByNumber
[2024/07/03 18:27:26.178] - eth_accounts
[2024/07/03 18:27:26.196] - net_version
[2024/07/03 18:27:26.200] - eth_getBlockByNumber
[2024/07/03 18:27:26.206] - eth_getBlockByNumber
[2024/07/03 18:27:26.211] - net_version
[2024/07/03 18:27:26.216] - eth_getBlockByNumber
[2024/07/03 18:27:26.226] - eth_estimateGas
[2024/07/03 18:27:26.268] - net_version
[2024/07/03 18:27:26.270] - eth_blockNumber
[2024/07/03 18:27:26.275] - eth_getBlockByNumber
[2024/07/03 18:27:26.280] - eth_estimateGas
[2024/07/03 18:31:28.772] - eth_blockNumber
[2024/07/03 18:31:28.785] - net_version
[2024/07/03 18:31:28.790] - eth_accounts
[2024/07/03 18:31:28.812] - eth_getBlockByNumber
[2024/07/03 18:31:28.818] - eth_accounts
[2024/07/03 18:33:38.009] - eth_blockNumber
[2024/07/03 18:33:38.021] - net_version
[2024/07/03 18:33:38.026] - eth_accounts
[2024/07/03 18:33:38.050] - eth_getBlockByNumber
[2024/07/03 18:33:38.056] - eth_accounts
[2024/07/03 18:35:00.604] - eth_getBlockByNumber
[2024/07/03 18:35:00.614] - eth_getBlockTransactionCountByHash
[2024/07/03 19:20:51.977] - eth_unsubscribe
[2024/07/03 19:20:51.978] - eth_unsubscribe
