[2024/07/03 18:15:31.193] - Starting server with initial configuration: {"gasLimit":6721975,"gasPrice":20000000000,"hardfork":"merge","hostname":"127.0.0.1","port":7545,"network_id":5777,"default_balance_ether":100,"total_accounts":10,"unlocked_accounts":[],"locked":false,"vmErrorsOnRPCResponse":true,"verbose":false,"flavor":"ethereum","db_path":"C:\\Users\\egna9\\AppData\\Roaming\\Ganache\\ui\\workspaces\\third-spot\\chaindata","mnemonic":"despair proof fiber steak viable cable suffer metal eager cigar absorb amount","logDirectory":"C:\\Users\\egna9\\.City Master\\dessertation\\Project\\.GanacheLog"}
[2024/07/03 18:15:31.303] - eth_blockNumber
[2024/07/03 18:15:31.304] - eth_accounts
[2024/07/03 18:15:31.306] - eth_gasPrice
[2024/07/03 18:15:31.307] - eth_getBlockByNumber
[2024/07/03 18:15:31.308] - eth_subscribe
[2024/07/03 18:15:31.322] - eth_subscribe
[2024/07/03 18:15:31.324] - eth_getLogs
[2024/07/03 18:15:31.325] - eth_subscribe
[2024/07/03 18:15:31.326] - eth_subscribe
[2024/07/03 18:15:31.327] - eth_getLogs
[2024/07/03 18:15:31.329] - eth_subscribe
[2024/07/03 18:15:31.401] - eth_blockNumber
[2024/07/03 18:15:31.403] - eth_accounts
[2024/07/03 18:15:31.404] - eth_gasPrice
[2024/07/03 18:15:31.410] - eth_getBlockByNumber
[2024/07/03 18:15:31.412] - eth_subscribe
[2024/07/03 18:15:31.413] - eth_getBalance
[2024/07/03 18:15:31.414] - eth_getTransactionCount
[2024/07/03 18:15:31.415] - eth_getBalance
[2024/07/03 18:15:31.416] - eth_getTransactionCount
[2024/07/03 18:15:31.418] - eth_getBalance
[2024/07/03 18:15:31.419] - eth_getTransactionCount
[2024/07/03 18:15:31.419] - eth_getBalance
[2024/07/03 18:15:31.420] - eth_getTransactionCount
[2024/07/03 18:15:31.428] - eth_getBalance
[2024/07/03 18:15:31.430] - eth_getTransactionCount
[2024/07/03 18:15:31.432] - eth_getBalance
[2024/07/03 18:15:31.433] - eth_getTransactionCount
[2024/07/03 18:15:31.435] - eth_getBalance
[2024/07/03 18:15:31.436] - eth_getTransactionCount
[2024/07/03 18:15:31.438] - eth_getBalance
[2024/07/03 18:15:31.439] - eth_getTransactionCount
[2024/07/03 18:15:31.442] - eth_getBalance
[2024/07/03 18:15:31.443] - eth_getTransactionCount
[2024/07/03 18:15:31.445] - eth_getBalance
[2024/07/03 18:15:31.446] - eth_getTransactionCount
[2024/07/03 18:15:31.448] - eth_getBalance
[2024/07/03 18:15:31.448] - eth_getTransactionCount
[2024/07/03 18:15:31.451] - eth_getBalance
[2024/07/03 18:15:31.453] - eth_getTransactionCount
[2024/07/03 18:15:31.454] - eth_getBalance
[2024/07/03 18:15:31.456] - eth_getTransactionCount
[2024/07/03 18:15:31.457] - eth_getBalance
[2024/07/03 18:15:31.459] - eth_getTransactionCount
[2024/07/03 18:15:31.462] - eth_getBalance
[2024/07/03 18:15:31.466] - eth_getTransactionCount
[2024/07/03 18:15:31.468] - eth_getBalance
[2024/07/03 18:15:31.470] - eth_getTransactionCount
[2024/07/03 18:15:31.471] - eth_getBalance
[2024/07/03 18:15:31.472] - eth_getTransactionCount
[2024/07/03 18:15:31.474] - eth_getBalance
[2024/07/03 18:15:31.476] - eth_getTransactionCount
[2024/07/03 18:15:31.477] - eth_getBalance
[2024/07/03 18:15:31.479] - eth_getTransactionCount
[2024/07/03 18:15:31.480] - eth_getBalance
[2024/07/03 18:15:31.482] - eth_getTransactionCount
[2024/07/03 18:15:31.484] - eth_getBalance
[2024/07/03 18:15:31.486] - eth_getTransactionCount
[2024/07/03 18:15:31.488] - eth_getBalance
[2024/07/03 18:15:31.489] - eth_getTransactionCount
[2024/07/03 18:15:31.490] - eth_getBalance
[2024/07/03 18:15:31.492] - eth_getTransactionCount
[2024/07/03 18:15:31.493] - eth_getBalance
[2024/07/03 18:15:31.495] - eth_getTransactionCount
[2024/07/03 18:15:31.497] - eth_getBalance
[2024/07/03 18:15:31.498] - eth_getTransactionCount
[2024/07/03 18:15:31.499] - eth_getBalance
[2024/07/03 18:15:31.500] - eth_getTransactionCount
[2024/07/03 18:15:31.501] - eth_getBalance
[2024/07/03 18:15:31.502] - eth_getTransactionCount
[2024/07/03 18:15:31.509] - eth_getBalance
[2024/07/03 18:15:31.511] - eth_getTransactionCount
[2024/07/03 18:15:31.512] - eth_getBalance
[2024/07/03 18:15:31.513] - eth_getTransactionCount
[2024/07/03 18:15:31.514] - eth_getBalance
[2024/07/03 18:15:31.515] - eth_getTransactionCount
[2024/07/03 18:15:31.516] - eth_getBalance
[2024/07/03 18:15:31.517] - eth_getTransactionCount
[2024/07/03 18:15:31.518] - eth_getBalance
[2024/07/03 18:15:31.519] - eth_getTransactionCount
[2024/07/03 18:15:31.520] - eth_getBalance
[2024/07/03 18:15:31.521] - eth_getTransactionCount
[2024/07/03 18:15:31.522] - eth_getBalance
[2024/07/03 18:15:31.523] - eth_getTransactionCount
[2024/07/03 18:15:31.524] - eth_getBalance
[2024/07/03 18:15:31.527] - eth_getTransactionCount
[2024/07/03 18:15:31.528] - eth_getBalance
[2024/07/03 18:15:31.529] - eth_getTransactionCount
[2024/07/03 18:15:31.530] - eth_getBalance
[2024/07/03 18:15:31.531] - eth_getTransactionCount
[2024/07/03 18:15:31.532] - eth_getBalance
[2024/07/03 18:15:31.542] - eth_getTransactionCount
[2024/07/03 18:15:31.543] - eth_getBalance
[2024/07/03 18:15:31.544] - eth_getTransactionCount
[2024/07/03 18:15:31.545] - eth_getBalance
[2024/07/03 18:15:31.546] - eth_getTransactionCount
