[2024/07/03 19:26:36.732] - Starting server with initial configuration: {"gasLimit":6721975,"gasPrice":20000000000,"hardfork":"merge","hostname":"127.0.0.1","port":7545,"network_id":5777,"default_balance_ether":100,"total_accounts":10,"unlocked_accounts":[],"locked":false,"vmErrorsOnRPCResponse":true,"verbose":false,"flavor":"ethereum","db_path":"C:\\Users\\egna9\\AppData\\Roaming\\Ganache\\ui\\workspaces\\third-spot\\chaindata","mnemonic":"despair proof fiber steak viable cable suffer metal eager cigar absorb amount","logDirectory":"C:\\Users\\egna9\\.City Master\\dessertation\\Project\\.Truffle\\.GanacheLog"}
[2024/07/03 19:26:36.855] - eth_subscribe
[2024/07/03 19:26:36.856] - eth_getLogs
[2024/07/03 19:26:36.857] - eth_subscribe
[2024/07/03 19:26:36.858] - eth_subscribe
[2024/07/03 19:26:36.859] - eth_getLogs
[2024/07/03 19:26:36.860] - eth_subscribe
[2024/07/03 19:26:36.862] - eth_accounts
[2024/07/03 19:26:36.862] - eth_gasPrice
[2024/07/03 19:26:36.863] - eth_getBlockByNumber
[2024/07/03 19:26:36.878] - eth_getBalance
[2024/07/03 19:26:36.879] - eth_getTransactionCount
[2024/07/03 19:26:36.881] - eth_getBalance
[2024/07/03 19:26:36.883] - eth_getTransactionCount
[2024/07/03 19:26:36.884] - eth_getBalance
[2024/07/03 19:26:36.885] - eth_getTransactionCount
[2024/07/03 19:26:36.888] - eth_getBalance
[2024/07/03 19:26:36.889] - eth_getTransactionCount
[2024/07/03 19:26:36.890] - eth_getBalance
[2024/07/03 19:26:36.892] - eth_getTransactionCount
[2024/07/03 19:26:36.894] - eth_getBalance
[2024/07/03 19:26:36.896] - eth_getTransactionCount
[2024/07/03 19:26:36.898] - eth_getBalance
[2024/07/03 19:26:36.899] - eth_getTransactionCount
[2024/07/03 19:26:36.901] - eth_getBalance
[2024/07/03 19:26:36.902] - eth_getTransactionCount
[2024/07/03 19:26:36.904] - eth_getBalance
[2024/07/03 19:26:36.906] - eth_getTransactionCount
[2024/07/03 19:26:36.907] - eth_getBalance
[2024/07/03 19:26:36.909] - eth_getTransactionCount
[2024/07/03 19:26:36.920] - eth_subscribe
[2024/07/03 19:26:36.921] - eth_blockNumber
[2024/07/03 19:26:36.922] - eth_accounts
[2024/07/03 19:26:36.928] - eth_gasPrice
[2024/07/03 19:26:36.929] - eth_getBlockByNumber
[2024/07/03 19:26:36.930] - eth_subscribe
[2024/07/03 19:26:36.931] - eth_blockNumber
[2024/07/03 19:26:36.964] - eth_getBalance
[2024/07/03 19:26:36.965] - eth_getTransactionCount
[2024/07/03 19:26:36.968] - eth_getBalance
[2024/07/03 19:26:36.969] - eth_getTransactionCount
[2024/07/03 19:26:36.971] - eth_getBalance
[2024/07/03 19:26:36.972] - eth_getTransactionCount
[2024/07/03 19:26:36.974] - eth_getBalance
[2024/07/03 19:26:36.975] - eth_getTransactionCount
[2024/07/03 19:26:36.976] - eth_getBalance
[2024/07/03 19:26:36.979] - eth_getTransactionCount
[2024/07/03 19:26:36.982] - eth_getBalance
[2024/07/03 19:26:36.983] - eth_getTransactionCount
[2024/07/03 19:26:36.985] - eth_getBalance
[2024/07/03 19:26:36.986] - eth_getTransactionCount
[2024/07/03 19:26:36.988] - eth_getBalance
[2024/07/03 19:26:36.990] - eth_getTransactionCount
[2024/07/03 19:26:36.991] - eth_getBalance
[2024/07/03 19:26:36.993] - eth_getTransactionCount
[2024/07/03 19:26:36.995] - eth_getBalance
[2024/07/03 19:26:36.996] - eth_getTransactionCount
[2024/07/03 19:26:37.045] - eth_getBalance
[2024/07/03 19:26:37.046] - eth_getTransactionCount
[2024/07/03 19:26:37.048] - eth_getBalance
[2024/07/03 19:26:37.049] - eth_getTransactionCount
[2024/07/03 19:26:37.051] - eth_getBalance
[2024/07/03 19:26:37.052] - eth_getTransactionCount
[2024/07/03 19:26:37.054] - eth_getBalance
[2024/07/03 19:26:37.056] - eth_getTransactionCount
[2024/07/03 19:26:37.058] - eth_getBalance
[2024/07/03 19:26:37.059] - eth_getTransactionCount
[2024/07/03 19:26:37.061] - eth_getBalance
[2024/07/03 19:26:37.062] - eth_getTransactionCount
[2024/07/03 19:26:37.064] - eth_getBalance
[2024/07/03 19:26:37.065] - eth_getTransactionCount
[2024/07/03 19:26:37.067] - eth_getBalance
[2024/07/03 19:26:37.068] - eth_getTransactionCount
[2024/07/03 19:26:37.070] - eth_getBalance
[2024/07/03 19:26:37.072] - eth_getTransactionCount
[2024/07/03 19:26:37.080] - eth_getBalance
[2024/07/03 19:26:37.081] - eth_getTransactionCount
[2024/07/03 19:26:37.088] - eth_getBalance
[2024/07/03 19:26:37.090] - eth_getTransactionCount
[2024/07/03 19:26:37.091] - eth_getBalance
[2024/07/03 19:26:37.093] - eth_getTransactionCount
[2024/07/03 19:26:37.094] - eth_getBalance
[2024/07/03 19:26:37.097] - eth_getTransactionCount
[2024/07/03 19:26:37.098] - eth_getBalance
[2024/07/03 19:26:37.100] - eth_getTransactionCount
[2024/07/03 19:26:37.101] - eth_getBalance
[2024/07/03 19:26:37.103] - eth_getTransactionCount
[2024/07/03 19:26:37.104] - eth_getBalance
[2024/07/03 19:26:37.107] - eth_getTransactionCount
[2024/07/03 19:26:37.109] - eth_getBalance
[2024/07/03 19:26:37.110] - eth_getTransactionCount
[2024/07/03 19:26:37.112] - eth_getBalance
[2024/07/03 19:26:37.114] - eth_getTransactionCount
[2024/07/03 19:26:37.115] - eth_getBalance
[2024/07/03 19:26:37.118] - eth_getTransactionCount
[2024/07/03 19:26:37.119] - eth_getBalance
[2024/07/03 19:26:37.121] - eth_getTransactionCount
[2024/07/03 19:26:47.870] - eth_blockNumber
[2024/07/03 19:26:47.884] - net_version
[2024/07/03 19:26:47.890] - eth_accounts
[2024/07/03 19:26:47.908] - eth_accounts
[2024/07/03 19:27:28.215] - net_version
[2024/07/03 19:27:28.223] - eth_getBlockByNumber
[2024/07/03 19:27:36.690] - eth_getBlockByNumber
[2024/07/03 19:27:36.701] - eth_getLogs
[2024/07/03 19:30:06.934] - eth_blockNumber
[2024/07/03 19:30:06.947] - net_version
[2024/07/03 19:30:06.952] - eth_accounts
[2024/07/03 19:30:06.968] - eth_accounts
[2024/07/03 19:36:34.454] - eth_blockNumber
[2024/07/03 19:36:34.469] - net_version
[2024/07/03 19:36:34.474] - eth_accounts
[2024/07/03 19:36:34.491] - eth_accounts
[2024/07/03 19:37:01.808] - eth_blockNumber
[2024/07/03 19:37:01.822] - net_version
[2024/07/03 19:37:01.826] - eth_accounts
[2024/07/03 19:37:01.841] - eth_getBlockByNumber
[2024/07/03 19:37:01.847] - eth_accounts
[2024/07/03 19:37:01.864] - net_version
[2024/07/03 19:37:01.868] - eth_getBlockByNumber
[2024/07/03 19:37:01.874] - eth_getBlockByNumber
[2024/07/03 19:37:01.880] - net_version
[2024/07/03 19:37:01.885] - eth_getBlockByNumber
[2024/07/03 19:37:01.893] - eth_estimateGas
[2024/07/03 19:37:01.936] - net_version
[2024/07/03 19:37:01.938] - eth_blockNumber
[2024/07/03 19:37:01.941] - eth_getBlockByNumber
[2024/07/03 19:37:01.946] - eth_estimateGas
[2024/07/03 19:40:18.799] - eth_blockNumber
[2024/07/03 19:40:18.811] - net_version
[2024/07/03 19:40:18.816] - eth_accounts
[2024/07/03 19:40:18.829] - eth_getBlockByNumber
[2024/07/03 19:40:18.835] - eth_accounts
[2024/07/03 19:40:18.852] - net_version
[2024/07/03 19:40:18.855] - eth_getBlockByNumber
[2024/07/03 19:40:18.860] - eth_getBlockByNumber
[2024/07/03 19:40:18.865] - net_version
[2024/07/03 19:40:18.870] - eth_getBlockByNumber
[2024/07/03 19:40:18.878] - eth_estimateGas
[2024/07/03 19:40:18.920] - net_version
[2024/07/03 19:40:18.921] - eth_blockNumber
[2024/07/03 19:40:18.926] - eth_getBlockByNumber
[2024/07/03 19:40:18.932] - eth_estimateGas
[2024/07/03 19:48:33.897] - eth_unsubscribe
[2024/07/03 19:48:33.898] - eth_unsubscribe
