[2024/07/03 19:48:34.003] - Starting server with initial configuration: {"gasLimit":6721975,"gasPrice":20000000000,"hardfork":"merge","hostname":"127.0.0.1","port":7545,"network_id":5777,"default_balance_ether":100,"total_accounts":10,"unlocked_accounts":[],"locked":false,"vmErrorsOnRPCResponse":true,"verbose":false,"flavor":"ethereum","db_path":"C:\\Users\\egna9\\AppData\\Roaming\\Ganache\\ui\\workspaces\\third-spot\\chaindata","mnemonic":"despair proof fiber steak viable cable suffer metal eager cigar absorb amount","logDirectory":"C:\\Users\\egna9\\.City Master\\dessertation\\Project\\.Truffle\\.GanacheLog"}
[2024/07/03 19:48:34.126] - eth_subscribe
[2024/07/03 19:48:34.128] - eth_getLogs
[2024/07/03 19:48:34.129] - eth_subscribe
[2024/07/03 19:48:34.152] - eth_subscribe
[2024/07/03 19:48:34.153] - eth_getLogs
[2024/07/03 19:48:34.154] - eth_subscribe
[2024/07/03 19:48:34.163] - eth_blockNumber
[2024/07/03 19:48:34.164] - eth_accounts
[2024/07/03 19:48:34.165] - eth_gasPrice
[2024/07/03 19:48:34.166] - eth_getBlockByNumber
[2024/07/03 19:48:34.168] - eth_subscribe
[2024/07/03 19:48:34.176] - eth_accounts
[2024/07/03 19:48:34.192] - eth_getBalance
[2024/07/03 19:48:34.195] - eth_getTransactionCount
[2024/07/03 19:48:34.199] - eth_getBalance
[2024/07/03 19:48:34.201] - eth_getTransactionCount
[2024/07/03 19:48:34.205] - eth_getBalance
[2024/07/03 19:48:34.209] - eth_getTransactionCount
[2024/07/03 19:48:34.211] - eth_getBalance
[2024/07/03 19:48:34.213] - eth_getTransactionCount
[2024/07/03 19:48:34.216] - eth_getBalance
[2024/07/03 19:48:34.218] - eth_getTransactionCount
[2024/07/03 19:48:34.221] - eth_getBalance
[2024/07/03 19:48:34.223] - eth_getTransactionCount
[2024/07/03 19:48:34.226] - eth_getBalance
[2024/07/03 19:48:34.230] - eth_getTransactionCount
[2024/07/03 19:48:34.234] - eth_getBalance
[2024/07/03 19:48:34.236] - eth_getTransactionCount
[2024/07/03 19:48:34.238] - eth_getBalance
[2024/07/03 19:48:34.240] - eth_getTransactionCount
[2024/07/03 19:48:34.242] - eth_getBalance
[2024/07/03 19:48:34.244] - eth_getTransactionCount
[2024/07/03 19:48:34.246] - eth_blockNumber
[2024/07/03 19:48:34.247] - eth_accounts
[2024/07/03 19:48:34.249] - eth_gasPrice
[2024/07/03 19:48:34.250] - eth_getBlockByNumber
[2024/07/03 19:48:34.251] - eth_subscribe
[2024/07/03 19:48:34.271] - eth_getTransactionCount
[2024/07/03 19:48:34.274] - eth_getBalance
[2024/07/03 19:48:34.277] - eth_getTransactionCount
[2024/07/03 19:48:34.279] - eth_getBalance
[2024/07/03 19:48:34.281] - eth_getTransactionCount
[2024/07/03 19:48:34.284] - eth_getBalance
[2024/07/03 19:48:34.287] - eth_getTransactionCount
[2024/07/03 19:48:34.289] - eth_getBalance
[2024/07/03 19:48:34.292] - eth_getTransactionCount
[2024/07/03 19:48:34.294] - eth_getBalance
[2024/07/03 19:48:34.296] - eth_getTransactionCount
[2024/07/03 19:48:34.298] - eth_getBalance
[2024/07/03 19:48:34.301] - eth_getTransactionCount
[2024/07/03 19:48:34.303] - eth_getBalance
[2024/07/03 19:48:34.305] - eth_getTransactionCount
[2024/07/03 19:48:34.309] - eth_getBalance
[2024/07/03 19:48:34.312] - eth_getTransactionCount
[2024/07/03 19:48:34.316] - eth_getBalance
[2024/07/03 19:48:34.318] - eth_getTransactionCount
[2024/07/03 19:48:34.419] - eth_getBalance
[2024/07/03 19:48:34.421] - eth_getTransactionCount
[2024/07/03 19:48:34.423] - eth_getBalance
[2024/07/03 19:48:34.426] - eth_getTransactionCount
[2024/07/03 19:48:34.429] - eth_getBalance
[2024/07/03 19:48:34.431] - eth_getTransactionCount
[2024/07/03 19:48:34.433] - eth_getBalance
[2024/07/03 19:48:34.435] - eth_getTransactionCount
[2024/07/03 19:48:34.437] - eth_getBalance
[2024/07/03 19:48:34.440] - eth_getTransactionCount
[2024/07/03 19:48:34.443] - eth_getBalance
[2024/07/03 19:48:34.444] - eth_getTransactionCount
[2024/07/03 19:48:34.446] - eth_getBalance
[2024/07/03 19:48:34.448] - eth_getTransactionCount
[2024/07/03 19:48:34.450] - eth_getBalance
[2024/07/03 19:48:34.453] - eth_getTransactionCount
[2024/07/03 19:48:34.454] - eth_getBalance
[2024/07/03 19:48:34.457] - eth_getTransactionCount
[2024/07/03 19:48:34.461] - eth_getBalance
[2024/07/03 19:48:34.463] - eth_getTransactionCount
[2024/07/03 19:48:34.476] - eth_getBalance
[2024/07/03 19:48:34.479] - eth_getTransactionCount
[2024/07/03 19:48:34.482] - eth_getBalance
[2024/07/03 19:48:34.485] - eth_getTransactionCount
[2024/07/03 19:48:34.487] - eth_getBalance
[2024/07/03 19:48:34.489] - eth_getTransactionCount
[2024/07/03 19:48:34.492] - eth_getBalance
[2024/07/03 19:48:34.496] - eth_getTransactionCount
[2024/07/03 19:48:34.499] - eth_getBalance
[2024/07/03 19:48:34.502] - eth_getTransactionCount
[2024/07/03 19:48:34.504] - eth_getBalance
[2024/07/03 19:48:34.507] - eth_getTransactionCount
[2024/07/03 19:48:34.509] - eth_getBalance
[2024/07/03 19:48:34.514] - eth_getTransactionCount
[2024/07/03 19:48:34.515] - eth_getBalance
[2024/07/03 19:48:34.517] - eth_getTransactionCount
[2024/07/03 19:48:34.520] - eth_getBalance
[2024/07/03 19:48:34.523] - eth_getTransactionCount
[2024/07/03 19:48:34.527] - eth_getBalance
[2024/07/03 19:48:34.528] - eth_getTransactionCount
[2024/07/03 19:48:44.190] - eth_blockNumber
[2024/07/03 19:48:44.204] - net_version
[2024/07/03 19:48:44.209] - eth_accounts
[2024/07/03 19:48:44.226] - eth_accounts
[2024/07/03 19:49:06.989] - eth_blockNumber
[2024/07/03 19:49:07.002] - net_version
[2024/07/03 19:49:07.006] - eth_accounts
[2024/07/03 19:49:07.020] - eth_getBlockByNumber
[2024/07/03 19:49:07.025] - eth_accounts
[2024/07/03 19:49:07.042] - net_version
[2024/07/03 19:49:07.047] - eth_getBlockByNumber
[2024/07/03 19:49:07.052] - eth_getBlockByNumber
[2024/07/03 19:49:07.058] - net_version
[2024/07/03 19:49:07.064] - eth_getBlockByNumber
[2024/07/03 19:49:07.073] - eth_estimateGas
[2024/07/03 19:49:07.113] - net_version
[2024/07/03 19:49:07.114] - eth_blockNumber
[2024/07/03 19:49:07.119] - eth_getBlockByNumber
[2024/07/03 19:49:07.124] - eth_estimateGas
[2024/07/03 19:50:18.319] - eth_blockNumber
[2024/07/03 19:50:18.334] - net_version
[2024/07/03 19:50:18.339] - eth_accounts
[2024/07/03 19:50:18.355] - eth_accounts
[2024/07/03 19:50:36.429] - eth_blockNumber
[2024/07/03 19:50:36.439] - net_version
[2024/07/03 19:50:36.444] - eth_accounts
[2024/07/03 19:50:36.456] - eth_getBlockByNumber
[2024/07/03 19:50:36.462] - eth_accounts
[2024/07/03 19:50:36.477] - net_version
[2024/07/03 19:50:36.481] - eth_getBlockByNumber
[2024/07/03 19:50:36.485] - eth_getBlockByNumber
[2024/07/03 19:50:36.491] - net_version
[2024/07/03 19:50:36.496] - eth_getBlockByNumber
[2024/07/03 19:50:36.503] - eth_estimateGas
[2024/07/03 19:50:36.549] - net_version
[2024/07/03 19:50:36.550] - eth_blockNumber
[2024/07/03 19:50:36.553] - eth_getBlockByNumber
[2024/07/03 19:50:36.557] - eth_estimateGas
[2024/07/03 19:50:36.574] - eth_getBlockByNumber
[2024/07/03 19:50:36.575] - eth_gasPrice
[2024/07/03 19:50:36.579] - eth_sendTransaction
[2024/07/03 19:50:36.605] - 
  Transaction: 0xa1989ccc850b38302cb317750a106281cd08289c7bdb56d79d57ef985d5a2e7c
  Contract created: 0xe0828b56294713be5a15b590fa90465353850f48
  Gas usage: 135055
  Block number: 1
  Block time: Wed Jul 03 2024 19:50:36 GMT+0100 (英国夏時間)

[2024/07/03 19:50:36.610] - eth_getTransactionReceipt
[2024/07/03 19:50:36.617] - eth_getBlockByNumber
[2024/07/03 19:50:36.618] - eth_getCode
[2024/07/03 19:50:36.620] - eth_getBalance
[2024/07/03 19:50:36.623] - eth_getTransactionCount
[2024/07/03 19:50:36.625] - eth_getBalance
[2024/07/03 19:50:36.628] - eth_getTransactionByHash
[2024/07/03 19:50:36.629] - eth_getTransactionCount
[2024/07/03 19:50:36.632] - eth_getBalance
[2024/07/03 19:50:36.634] - eth_getBlockByNumber
[2024/07/03 19:50:36.635] - eth_getTransactionCount
[2024/07/03 19:50:36.637] - eth_getBalance
[2024/07/03 19:50:36.639] - eth_getBalance
[2024/07/03 19:50:36.640] - eth_getTransactionCount
[2024/07/03 19:50:36.642] - eth_getBalance
[2024/07/03 19:50:36.644] - eth_getTransactionCount
[2024/07/03 19:50:36.646] - eth_getBalance
[2024/07/03 19:50:36.649] - eth_getTransactionCount
[2024/07/03 19:50:36.652] - eth_getBalance
[2024/07/03 19:50:36.655] - eth_getTransactionCount
[2024/07/03 19:50:36.658] - eth_getBalance
[2024/07/03 19:50:36.660] - eth_getTransactionCount
[2024/07/03 19:50:36.665] - eth_getBalance
[2024/07/03 19:50:36.668] - eth_getTransactionCount
[2024/07/03 19:50:36.670] - eth_getBalance
[2024/07/03 19:50:36.675] - eth_getTransactionCount
[2024/07/03 19:50:53.447] - eth_unsubscribe
[2024/07/03 19:50:53.449] - eth_unsubscribe
