[2024/07/03 18:14:52.004] - Starting server with initial configuration: {"gasLimit":6721975,"gasPrice":20000000000,"hardfork":"merge","hostname":"127.0.0.1","port":7545,"network_id":5777,"default_balance_ether":100,"total_accounts":10,"unlocked_accounts":[],"locked":false,"vmErrorsOnRPCResponse":true,"verbose":false,"flavor":"ethereum","db_path":"C:\\Users\\egna9\\AppData\\Roaming\\Ganache\\ui\\workspaces\\third-spot\\chaindata","mnemonic":"despair proof fiber steak viable cable suffer metal eager cigar absorb amount","logDirectory":"C:\\Users\\egna9\\.City Master\\dessertation\\Project\\.GanacheLog"}
[2024/07/03 18:14:52.141] - eth_subscribe
[2024/07/03 18:14:52.144] - eth_getLogs
[2024/07/03 18:14:52.146] - eth_subscribe
[2024/07/03 18:14:52.170] - eth_subscribe
[2024/07/03 18:14:52.172] - eth_getLogs
[2024/07/03 18:14:52.173] - eth_subscribe
[2024/07/03 18:14:52.191] - eth_blockNumber
[2024/07/03 18:14:52.192] - eth_accounts
[2024/07/03 18:14:52.193] - eth_gasPrice
[2024/07/03 18:14:52.194] - eth_getBlockByNumber
[2024/07/03 18:14:52.195] - eth_subscribe
[2024/07/03 18:14:52.197] - eth_blockNumber
[2024/07/03 18:14:52.198] - eth_accounts
[2024/07/03 18:14:52.199] - eth_gasPrice
[2024/07/03 18:14:52.200] - eth_getBlockByNumber
[2024/07/03 18:14:52.201] - eth_subscribe
[2024/07/03 18:14:52.205] - eth_accounts
[2024/07/03 18:14:52.226] - eth_getBalance
[2024/07/03 18:14:52.230] - eth_getTransactionCount
[2024/07/03 18:14:52.232] - eth_getBalance
[2024/07/03 18:14:52.235] - eth_getTransactionCount
[2024/07/03 18:14:52.240] - eth_getBalance
[2024/07/03 18:14:52.244] - eth_getTransactionCount
[2024/07/03 18:14:52.250] - eth_getBalance
[2024/07/03 18:14:52.255] - eth_getTransactionCount
[2024/07/03 18:14:52.258] - eth_getBalance
[2024/07/03 18:14:52.260] - eth_getTransactionCount
[2024/07/03 18:14:52.263] - eth_getBalance
[2024/07/03 18:14:52.266] - eth_getTransactionCount
[2024/07/03 18:14:52.268] - eth_getBalance
[2024/07/03 18:14:52.271] - eth_getTransactionCount
[2024/07/03 18:14:52.273] - eth_getBalance
[2024/07/03 18:14:52.276] - eth_getTransactionCount
[2024/07/03 18:14:52.280] - eth_getBalance
[2024/07/03 18:14:52.283] - eth_getTransactionCount
[2024/07/03 18:14:52.285] - eth_getBalance
[2024/07/03 18:14:52.289] - eth_getTransactionCount
[2024/07/03 18:14:52.317] - eth_getBalance
[2024/07/03 18:14:52.320] - eth_getTransactionCount
[2024/07/03 18:14:52.323] - eth_getBalance
[2024/07/03 18:14:52.325] - eth_getTransactionCount
[2024/07/03 18:14:52.327] - eth_getBalance
[2024/07/03 18:14:52.329] - eth_getTransactionCount
[2024/07/03 18:14:52.332] - eth_getBalance
[2024/07/03 18:14:52.333] - eth_getTransactionCount
[2024/07/03 18:14:52.334] - eth_getBalance
[2024/07/03 18:14:52.336] - eth_getTransactionCount
[2024/07/03 18:14:52.338] - eth_getBalance
[2024/07/03 18:14:52.340] - eth_getTransactionCount
[2024/07/03 18:14:52.342] - eth_getBalance
[2024/07/03 18:14:52.344] - eth_getTransactionCount
[2024/07/03 18:14:52.346] - eth_getBalance
[2024/07/03 18:14:52.349] - eth_getTransactionCount
[2024/07/03 18:14:52.351] - eth_getBalance
[2024/07/03 18:14:52.354] - eth_getTransactionCount
[2024/07/03 18:14:52.356] - eth_getBalance
[2024/07/03 18:14:52.358] - eth_getTransactionCount
[2024/07/03 18:14:52.361] - eth_getBalance
[2024/07/03 18:14:52.366] - eth_getTransactionCount
[2024/07/03 18:14:52.368] - eth_getBalance
[2024/07/03 18:14:52.370] - eth_getTransactionCount
[2024/07/03 18:14:52.372] - eth_getBalance
[2024/07/03 18:14:52.374] - eth_getTransactionCount
[2024/07/03 18:14:52.376] - eth_getBalance
[2024/07/03 18:14:52.379] - eth_getTransactionCount
[2024/07/03 18:14:52.381] - eth_getBalance
[2024/07/03 18:14:52.383] - eth_getTransactionCount
[2024/07/03 18:14:52.386] - eth_getBalance
[2024/07/03 18:14:52.388] - eth_getTransactionCount
[2024/07/03 18:14:52.390] - eth_getBalance
[2024/07/03 18:14:52.392] - eth_getTransactionCount
[2024/07/03 18:14:52.394] - eth_getBalance
[2024/07/03 18:14:52.395] - eth_getTransactionCount
[2024/07/03 18:14:52.397] - eth_getBalance
[2024/07/03 18:14:52.399] - eth_getTransactionCount
[2024/07/03 18:14:52.402] - eth_getBalance
[2024/07/03 18:14:52.403] - eth_getTransactionCount
[2024/07/03 18:14:52.420] - eth_getBalance
[2024/07/03 18:14:52.423] - eth_getTransactionCount
[2024/07/03 18:14:52.424] - eth_getBalance
[2024/07/03 18:14:52.426] - eth_getTransactionCount
[2024/07/03 18:14:52.428] - eth_getBalance
[2024/07/03 18:14:52.429] - eth_getTransactionCount
[2024/07/03 18:14:52.433] - eth_getBalance
[2024/07/03 18:14:52.434] - eth_getTransactionCount
[2024/07/03 18:14:52.435] - eth_getBalance
[2024/07/03 18:14:52.437] - eth_getTransactionCount
[2024/07/03 18:14:52.438] - eth_getBalance
[2024/07/03 18:14:52.439] - eth_getTransactionCount
[2024/07/03 18:14:52.441] - eth_getBalance
[2024/07/03 18:14:52.442] - eth_getTransactionCount
[2024/07/03 18:14:52.443] - eth_getBalance
[2024/07/03 18:14:52.445] - eth_getTransactionCount
[2024/07/03 18:14:52.447] - eth_getBalance
[2024/07/03 18:14:52.449] - eth_getTransactionCount
[2024/07/03 18:14:52.450] - eth_getBalance
[2024/07/03 18:14:52.453] - eth_getTransactionCount
[2024/07/03 18:15:31.174] - eth_unsubscribe
[2024/07/03 18:15:31.176] - eth_unsubscribe
