[2024/07/03 19:26:30.658] - Starting server with initial configuration: {"gasLimit":6721975,"gasPrice":20000000000,"hardfork":"merge","hostname":"127.0.0.1","port":7545,"network_id":5777,"default_balance_ether":100,"total_accounts":10,"unlocked_accounts":[],"locked":false,"vmErrorsOnRPCResponse":true,"verbose":false,"flavor":"ethereum","db_path":"C:\\Users\\egna9\\AppData\\Roaming\\Ganache\\ui\\workspaces\\third-spot\\chaindata","mnemonic":"despair proof fiber steak viable cable suffer metal eager cigar absorb amount","logDirectory":"C:\\Users\\egna9\\.City Master\\dessertation\\Project\\.Truffle\\.GanacheLog"}
[2024/07/03 19:26:30.775] - eth_subscribe
[2024/07/03 19:26:30.776] - eth_getLogs
[2024/07/03 19:26:30.777] - eth_subscribe
[2024/07/03 19:26:30.798] - eth_subscribe
[2024/07/03 19:26:30.800] - eth_getLogs
[2024/07/03 19:26:30.801] - eth_subscribe
[2024/07/03 19:26:30.807] - eth_blockNumber
[2024/07/03 19:26:30.809] - eth_accounts
[2024/07/03 19:26:30.810] - eth_gasPrice
[2024/07/03 19:26:30.811] - eth_getBlockByNumber
[2024/07/03 19:26:30.812] - eth_subscribe
[2024/07/03 19:26:30.816] - eth_accounts
[2024/07/03 19:26:30.826] - eth_getBalance
[2024/07/03 19:26:30.828] - eth_getTransactionCount
[2024/07/03 19:26:30.831] - eth_getBalance
[2024/07/03 19:26:30.832] - eth_getTransactionCount
[2024/07/03 19:26:30.834] - eth_getBalance
[2024/07/03 19:26:30.836] - eth_getTransactionCount
[2024/07/03 19:26:30.838] - eth_getBalance
[2024/07/03 19:26:30.840] - eth_getTransactionCount
[2024/07/03 19:26:30.842] - eth_getBalance
[2024/07/03 19:26:30.844] - eth_getTransactionCount
[2024/07/03 19:26:30.846] - eth_getBalance
[2024/07/03 19:26:30.848] - eth_getTransactionCount
[2024/07/03 19:26:30.850] - eth_getBalance
[2024/07/03 19:26:30.852] - eth_getTransactionCount
[2024/07/03 19:26:30.854] - eth_getBalance
[2024/07/03 19:26:30.856] - eth_getTransactionCount
[2024/07/03 19:26:30.857] - eth_getBalance
[2024/07/03 19:26:30.859] - eth_getTransactionCount
[2024/07/03 19:26:30.861] - eth_getBalance
[2024/07/03 19:26:30.862] - eth_getTransactionCount
[2024/07/03 19:26:30.864] - eth_blockNumber
[2024/07/03 19:26:30.865] - eth_accounts
[2024/07/03 19:26:30.865] - eth_gasPrice
[2024/07/03 19:26:30.877] - eth_getTransactionCount
[2024/07/03 19:26:30.878] - eth_getBalance
[2024/07/03 19:26:30.880] - eth_getTransactionCount
[2024/07/03 19:26:30.883] - eth_getBalance
[2024/07/03 19:26:30.885] - eth_getTransactionCount
[2024/07/03 19:26:30.887] - eth_getBalance
[2024/07/03 19:26:30.888] - eth_getTransactionCount
[2024/07/03 19:26:30.891] - eth_getBalance
[2024/07/03 19:26:30.893] - eth_getTransactionCount
[2024/07/03 19:26:30.894] - eth_getBalance
[2024/07/03 19:26:30.895] - eth_getTransactionCount
[2024/07/03 19:26:30.897] - eth_getBalance
[2024/07/03 19:26:30.903] - eth_getTransactionCount
[2024/07/03 19:26:30.904] - eth_getBalance
[2024/07/03 19:26:30.906] - eth_getTransactionCount
[2024/07/03 19:26:30.908] - eth_getBalance
[2024/07/03 19:26:30.910] - eth_getTransactionCount
[2024/07/03 19:26:30.912] - eth_getBalance
[2024/07/03 19:26:30.914] - eth_getTransactionCount
[2024/07/03 19:26:30.925] - eth_getBlockByNumber
[2024/07/03 19:26:30.926] - eth_subscribe
[2024/07/03 19:26:31.014] - eth_getBalance
[2024/07/03 19:26:31.015] - eth_getTransactionCount
[2024/07/03 19:26:31.017] - eth_getBalance
[2024/07/03 19:26:31.019] - eth_getTransactionCount
[2024/07/03 19:26:31.020] - eth_getBalance
[2024/07/03 19:26:31.022] - eth_getTransactionCount
[2024/07/03 19:26:31.024] - eth_getBalance
[2024/07/03 19:26:31.025] - eth_getTransactionCount
[2024/07/03 19:26:31.027] - eth_getBalance
[2024/07/03 19:26:31.029] - eth_getTransactionCount
[2024/07/03 19:26:31.030] - eth_getBalance
[2024/07/03 19:26:31.032] - eth_getTransactionCount
[2024/07/03 19:26:31.034] - eth_getBalance
[2024/07/03 19:26:31.036] - eth_getTransactionCount
[2024/07/03 19:26:31.038] - eth_getBalance
[2024/07/03 19:26:31.039] - eth_getTransactionCount
[2024/07/03 19:26:31.041] - eth_getBalance
[2024/07/03 19:26:31.043] - eth_getTransactionCount
[2024/07/03 19:26:31.044] - eth_getBalance
[2024/07/03 19:26:31.046] - eth_getTransactionCount
[2024/07/03 19:26:31.056] - eth_getBalance
[2024/07/03 19:26:31.057] - eth_getTransactionCount
[2024/07/03 19:26:31.060] - eth_getBalance
[2024/07/03 19:26:31.062] - eth_getTransactionCount
[2024/07/03 19:26:31.064] - eth_getBalance
[2024/07/03 19:26:31.066] - eth_getTransactionCount
[2024/07/03 19:26:31.067] - eth_getBalance
[2024/07/03 19:26:31.069] - eth_getTransactionCount
[2024/07/03 19:26:31.071] - eth_getBalance
[2024/07/03 19:26:31.072] - eth_getTransactionCount
[2024/07/03 19:26:31.074] - eth_getBalance
[2024/07/03 19:26:31.076] - eth_getTransactionCount
[2024/07/03 19:26:31.077] - eth_getBalance
[2024/07/03 19:26:31.079] - eth_getTransactionCount
[2024/07/03 19:26:31.081] - eth_getBalance
[2024/07/03 19:26:31.083] - eth_getTransactionCount
[2024/07/03 19:26:31.085] - eth_getBalance
[2024/07/03 19:26:31.086] - eth_getTransactionCount
[2024/07/03 19:26:31.089] - eth_getBalance
[2024/07/03 19:26:36.628] - eth_unsubscribe
[2024/07/03 19:26:36.629] - eth_unsubscribe
